This is pdfTeX, Version 3.141592653-2.6-1.40.22 (TeX Live 2021 Gentoo Linux) (preloaded format=pdflatex 2023.2.17)  25 JUL 2023 11:38
entering extended mode
 restricted \write18 enabled.
 %&-line parsing enabled.
**quiz4-makeup.pdf
(./quiz4-makeup.pdf
LaTeX2e <2020-10-01> patch level 4
L3 programming layer <2021-02-18>

! LaTeX Error: Missing \begin{document}.

See the LaTeX manual or LaTeX Companion for explanation.
Type  H <return>  for immediate help.
 ...                                              
                                                  
l.3 3
      0 obj
? 
! Emergency stop.
 ...                                              
                                                  
l.3 3
      0 obj
You're in trouble here.  Try typing  <return>  to proceed.
If that doesn't work, type  X <return>  to quit.

 
Here is how much of TeX's memory you used:
 17 strings out of 480954
 549 string characters out of 5908242
 278000 words of memory out of 5000000
 17349 multiletter control sequences out of 15000+600000
 403430 words of font info for 27 fonts, out of 8000000 for 9000
 14 hyphenation exceptions out of 8191
 13i,0n,15p,56b,14s stack positions out of 5000i,500n,10000p,200000b,80000s
!  ==> Fatal error occurred, no output PDF file produced!
